[0801/110929.092:ERROR:process_reader_win.cc(123)] NtOpenThread: {Access Denied} A process has requested access to an object, but has not been granted those access rights.  (0xc0000022)
[0801/110929.105:ERROR:exception_snapshot_win.cc(87)] thread ID 1988 not found in process
[0801/110929.105:WARNING:crash_report_exception_handler.cc(62)] ProcessSnapshotWin::Initialize failed
[0801/111610.830:ERROR:process_reader_win.cc(123)] NtOpenThread: {Access Denied} A process has requested access to an object, but has not been granted those access rights.  (0xc0000022)
[0801/111610.831:ERROR:exception_snapshot_win.cc(87)] thread ID 8992 not found in process
[0801/111610.831:WARNING:crash_report_exception_handler.cc(62)] ProcessSnapshotWin::Initialize failed
[0801/111734.350:ERROR:process_reader_win.cc(123)] NtOpenThread: {Access Denied} A process has requested access to an object, but has not been granted those access rights.  (0xc0000022)
[0801/111734.352:ERROR:exception_snapshot_win.cc(87)] thread ID 9964 not found in process
[0801/111734.352:WARNING:crash_report_exception_handler.cc(62)] ProcessSnapshotWin::Initialize failed
[0801/111907.035:ERROR:process_reader_win.cc(123)] NtOpenThread: {Access Denied} A process has requested access to an object, but has not been granted those access rights.  (0xc0000022)
[0801/111907.036:ERROR:exception_snapshot_win.cc(87)] thread ID 9464 not found in process
[0801/111907.036:WARNING:crash_report_exception_handler.cc(62)] ProcessSnapshotWin::Initialize failed
[0801/112104.193:ERROR:process_reader_win.cc(123)] NtOpenThread: {Access Denied} A process has requested access to an object, but has not been granted those access rights.  (0xc0000022)
[0801/112104.194:ERROR:exception_snapshot_win.cc(87)] thread ID 4548 not found in process
[0801/112104.194:WARNING:crash_report_exception_handler.cc(62)] ProcessSnapshotWin::Initialize failed
[0801/112843.658:ERROR:process_reader_win.cc(123)] NtOpenThread: {Access Denied} A process has requested access to an object, but has not been granted those access rights.  (0xc0000022)
[0801/112843.659:ERROR:exception_snapshot_win.cc(87)] thread ID 4524 not found in process
[0801/112843.660:WARNING:crash_report_exception_handler.cc(62)] ProcessSnapshotWin::Initialize failed
[0801/113041.905:ERROR:process_reader_win.cc(123)] NtOpenThread: {Access Denied} A process has requested access to an object, but has not been granted those access rights.  (0xc0000022)
[0801/113041.905:ERROR:exception_snapshot_win.cc(87)] thread ID 3672 not found in process
[0801/113041.905:WARNING:crash_report_exception_handler.cc(62)] ProcessSnapshotWin::Initialize failed
[0801/113635.310:ERROR:process_reader_win.cc(123)] NtOpenThread: {Access Denied} A process has requested access to an object, but has not been granted those access rights.  (0xc0000022)
[0801/113635.310:ERROR:exception_snapshot_win.cc(87)] thread ID 3152 not found in process
[0801/113635.310:WARNING:crash_report_exception_handler.cc(62)] ProcessSnapshotWin::Initialize failed
[0801/114116.398:ERROR:process_reader_win.cc(123)] NtOpenThread: {Access Denied} A process has requested access to an object, but has not been granted those access rights.  (0xc0000022)
[0801/114116.399:ERROR:exception_snapshot_win.cc(87)] thread ID 10964 not found in process
[0801/114116.399:WARNING:crash_report_exception_handler.cc(62)] ProcessSnapshotWin::Initialize failed
[0801/114451.763:ERROR:process_reader_win.cc(123)] NtOpenThread: {Access Denied} A process has requested access to an object, but has not been granted those access rights.  (0xc0000022)
[0801/114451.765:ERROR:exception_snapshot_win.cc(87)] thread ID 792 not found in process
[0801/114451.765:WARNING:crash_report_exception_handler.cc(62)] ProcessSnapshotWin::Initialize failed
[0801/114600.915:ERROR:process_reader_win.cc(123)] NtOpenThread: {Access Denied} A process has requested access to an object, but has not been granted those access rights.  (0xc0000022)
[0801/114600.916:ERROR:exception_snapshot_win.cc(87)] thread ID 4172 not found in process
[0801/114600.916:WARNING:crash_report_exception_handler.cc(62)] ProcessSnapshotWin::Initialize failed
[0802/102618.057:ERROR:process_reader_win.cc(123)] NtOpenThread: {Access Denied} A process has requested access to an object, but has not been granted those access rights.  (0xc0000022)
[0802/102618.077:ERROR:exception_snapshot_win.cc(87)] thread ID 5572 not found in process
[0802/102618.077:WARNING:crash_report_exception_handler.cc(62)] ProcessSnapshotWin::Initialize failed
[0802/103016.127:ERROR:process_reader_win.cc(123)] NtOpenThread: {Access Denied} A process has requested access to an object, but has not been granted those access rights.  (0xc0000022)
[0802/103016.128:ERROR:exception_snapshot_win.cc(87)] thread ID 5484 not found in process
[0802/103016.128:WARNING:crash_report_exception_handler.cc(62)] ProcessSnapshotWin::Initialize failed
[0802/103410.495:ERROR:process_reader_win.cc(123)] NtOpenThread: {Access Denied} A process has requested access to an object, but has not been granted those access rights.  (0xc0000022)
[0802/103410.496:ERROR:exception_snapshot_win.cc(87)] thread ID 2272 not found in process
[0802/103410.496:WARNING:crash_report_exception_handler.cc(62)] ProcessSnapshotWin::Initialize failed
[0802/103559.545:ERROR:process_reader_win.cc(123)] NtOpenThread: {Access Denied} A process has requested access to an object, but has not been granted those access rights.  (0xc0000022)
[0802/103559.545:ERROR:exception_snapshot_win.cc(87)] thread ID 3296 not found in process
[0802/103559.545:WARNING:crash_report_exception_handler.cc(62)] ProcessSnapshotWin::Initialize failed
[0802/103958.342:ERROR:process_reader_win.cc(123)] NtOpenThread: {Access Denied} A process has requested access to an object, but has not been granted those access rights.  (0xc0000022)
[0802/103958.343:ERROR:exception_snapshot_win.cc(87)] thread ID 8156 not found in process
[0802/103958.343:WARNING:crash_report_exception_handler.cc(62)] ProcessSnapshotWin::Initialize failed
[0802/104233.295:ERROR:process_reader_win.cc(123)] NtOpenThread: {Access Denied} A process has requested access to an object, but has not been granted those access rights.  (0xc0000022)
[0802/104233.296:ERROR:exception_snapshot_win.cc(87)] thread ID 8360 not found in process
[0802/104233.296:WARNING:crash_report_exception_handler.cc(62)] ProcessSnapshotWin::Initialize failed
[0802/104541.971:ERROR:process_reader_win.cc(123)] NtOpenThread: {Access Denied} A process has requested access to an object, but has not been granted those access rights.  (0xc0000022)
[0802/104541.972:ERROR:exception_snapshot_win.cc(87)] thread ID 8096 not found in process
[0802/104541.972:WARNING:crash_report_exception_handler.cc(62)] ProcessSnapshotWin::Initialize failed
[0802/104816.780:ERROR:process_reader_win.cc(123)] NtOpenThread: {Access Denied} A process has requested access to an object, but has not been granted those access rights.  (0xc0000022)
[0802/104816.780:ERROR:exception_snapshot_win.cc(87)] thread ID 6584 not found in process
[0802/104816.780:WARNING:crash_report_exception_handler.cc(62)] ProcessSnapshotWin::Initialize failed
[0802/104955.381:ERROR:process_reader_win.cc(123)] NtOpenThread: {Access Denied} A process has requested access to an object, but has not been granted those access rights.  (0xc0000022)
[0802/104955.382:ERROR:exception_snapshot_win.cc(87)] thread ID 8560 not found in process
[0802/104955.382:WARNING:crash_report_exception_handler.cc(62)] ProcessSnapshotWin::Initialize failed
[0802/105231.556:ERROR:process_reader_win.cc(123)] NtOpenThread: {Access Denied} A process has requested access to an object, but has not been granted those access rights.  (0xc0000022)
[0802/105231.557:ERROR:exception_snapshot_win.cc(87)] thread ID 5700 not found in process
[0802/105231.557:WARNING:crash_report_exception_handler.cc(62)] ProcessSnapshotWin::Initialize failed
[0802/105448.204:ERROR:process_reader_win.cc(123)] NtOpenThread: {Access Denied} A process has requested access to an object, but has not been granted those access rights.  (0xc0000022)
[0802/105448.204:ERROR:exception_snapshot_win.cc(87)] thread ID 856 not found in process
[0802/105448.204:WARNING:crash_report_exception_handler.cc(62)] ProcessSnapshotWin::Initialize failed
[0802/105632.866:ERROR:process_reader_win.cc(123)] NtOpenThread: {Access Denied} A process has requested access to an object, but has not been granted those access rights.  (0xc0000022)
[0802/105632.867:ERROR:exception_snapshot_win.cc(87)] thread ID 7656 not found in process
[0802/105632.868:WARNING:crash_report_exception_handler.cc(62)] ProcessSnapshotWin::Initialize failed
[0802/110352.103:ERROR:process_reader_win.cc(123)] NtOpenThread: {Access Denied} A process has requested access to an object, but has not been granted those access rights.  (0xc0000022)
[0802/110352.103:ERROR:exception_snapshot_win.cc(87)] thread ID 1624 not found in process
[0802/110352.103:WARNING:crash_report_exception_handler.cc(62)] ProcessSnapshotWin::Initialize failed
[0802/111646.296:ERROR:process_reader_win.cc(123)] NtOpenThread: {Access Denied} A process has requested access to an object, but has not been granted those access rights.  (0xc0000022)
[0802/111646.301:ERROR:exception_snapshot_win.cc(87)] thread ID 7028 not found in process
[0802/111646.301:WARNING:crash_report_exception_handler.cc(62)] ProcessSnapshotWin::Initialize failed
[0927/115419.069:ERROR:process_reader_win.cc(123)] NtOpenThread: {Access Denied} A process has requested access to an object, but has not been granted those access rights.  (0xc0000022)
[0927/115419.108:ERROR:exception_snapshot_win.cc(87)] thread ID 4320 not found in process
[0927/115419.108:WARNING:crash_report_exception_handler.cc(62)] ProcessSnapshotWin::Initialize failed
[0927/115605.408:ERROR:process_reader_win.cc(123)] NtOpenThread: {Access Denied} A process has requested access to an object, but has not been granted those access rights.  (0xc0000022)
[0927/115605.409:ERROR:exception_snapshot_win.cc(87)] thread ID 3712 not found in process
[0927/115605.409:WARNING:crash_report_exception_handler.cc(62)] ProcessSnapshotWin::Initialize failed
[0927/120006.481:ERROR:process_reader_win.cc(123)] NtOpenThread: {Access Denied} A process has requested access to an object, but has not been granted those access rights.  (0xc0000022)
[0927/120006.482:ERROR:exception_snapshot_win.cc(87)] thread ID 9248 not found in process
[0927/120006.482:WARNING:crash_report_exception_handler.cc(62)] ProcessSnapshotWin::Initialize failed
[0927/120105.668:ERROR:process_reader_win.cc(123)] NtOpenThread: {Access Denied} A process has requested access to an object, but has not been granted those access rights.  (0xc0000022)
[0927/120105.669:ERROR:exception_snapshot_win.cc(87)] thread ID 7464 not found in process
[0927/120105.669:WARNING:crash_report_exception_handler.cc(62)] ProcessSnapshotWin::Initialize failed
[0927/145705.615:ERROR:process_reader_win.cc(123)] NtOpenThread: {Access Denied} A process has requested access to an object, but has not been granted those access rights.  (0xc0000022)
[0927/145705.652:ERROR:exception_snapshot_win.cc(87)] thread ID 11332 not found in process
[0927/145705.652:WARNING:crash_report_exception_handler.cc(62)] ProcessSnapshotWin::Initialize failed
[0927/152255.609:ERROR:process_reader_win.cc(123)] NtOpenThread: {Access Denied} A process has requested access to an object, but has not been granted those access rights.  (0xc0000022)
[0927/152255.623:ERROR:exception_snapshot_win.cc(87)] thread ID 808 not found in process
[0927/152255.623:WARNING:crash_report_exception_handler.cc(62)] ProcessSnapshotWin::Initialize failed
[0927/155449.185:ERROR:process_reader_win.cc(151)] SuspendThread: Access is denied. (0x5)
[0927/155449.199:ERROR:process_reader_win.cc(151)] SuspendThread: Access is denied. (0x5)
[0927/155449.199:ERROR:process_reader_win.cc(151)] SuspendThread: Access is denied. (0x5)
[0927/155449.199:ERROR:process_reader_win.cc(151)] SuspendThread: Access is denied. (0x5)
[0927/155449.199:ERROR:process_reader_win.cc(123)] NtOpenThread: {Access Denied} A process has requested access to an object, but has not been granted those access rights.  (0xc0000022)
[0927/155449.199:ERROR:exception_snapshot_win.cc(87)] thread ID 13068 not found in process
[0927/155449.199:WARNING:crash_report_exception_handler.cc(62)] ProcessSnapshotWin::Initialize failed
[0927/205156.351:ERROR:process_reader_win.cc(123)] NtOpenThread: {Access Denied} A process has requested access to an object, but has not been granted those access rights.  (0xc0000022)
[0927/205156.367:ERROR:exception_snapshot_win.cc(87)] thread ID 2364 not found in process
[0927/205156.367:WARNING:crash_report_exception_handler.cc(62)] ProcessSnapshotWin::Initialize failed
[0927/205337.725:ERROR:process_reader_win.cc(123)] NtOpenThread: {Access Denied} A process has requested access to an object, but has not been granted those access rights.  (0xc0000022)
[0927/205337.726:ERROR:exception_snapshot_win.cc(87)] thread ID 8652 not found in process
[0927/205337.726:WARNING:crash_report_exception_handler.cc(62)] ProcessSnapshotWin::Initialize failed
[0927/205849.017:ERROR:process_reader_win.cc(123)] NtOpenThread: {Access Denied} A process has requested access to an object, but has not been granted those access rights.  (0xc0000022)
[0927/205849.017:ERROR:exception_snapshot_win.cc(87)] thread ID 10088 not found in process
[0927/205849.017:WARNING:crash_report_exception_handler.cc(62)] ProcessSnapshotWin::Initialize failed
[0927/213930.607:ERROR:process_reader_win.cc(123)] NtOpenThread: {Access Denied} A process has requested access to an object, but has not been granted those access rights.  (0xc0000022)
[0927/213930.628:ERROR:exception_snapshot_win.cc(87)] thread ID 1916 not found in process
[0927/213930.628:WARNING:crash_report_exception_handler.cc(62)] ProcessSnapshotWin::Initialize failed
[0927/215720.767:ERROR:process_reader_win.cc(123)] NtOpenThread: {Access Denied} A process has requested access to an object, but has not been granted those access rights.  (0xc0000022)
[0927/215720.769:ERROR:exception_snapshot_win.cc(87)] thread ID 11992 not found in process
[0927/215720.769:WARNING:crash_report_exception_handler.cc(62)] ProcessSnapshotWin::Initialize failed
[0927/231348.786:ERROR:process_reader_win.cc(123)] NtOpenThread: {Access Denied} A process has requested access to an object, but has not been granted those access rights.  (0xc0000022)
[0927/231348.787:ERROR:exception_snapshot_win.cc(87)] thread ID 10300 not found in process
[0927/231348.787:WARNING:crash_report_exception_handler.cc(62)] ProcessSnapshotWin::Initialize failed
[0927/232344.842:ERROR:process_reader_win.cc(123)] NtOpenThread: {Access Denied} A process has requested access to an object, but has not been granted those access rights.  (0xc0000022)
[0927/232344.843:ERROR:exception_snapshot_win.cc(87)] thread ID 1436 not found in process
[0927/232344.843:WARNING:crash_report_exception_handler.cc(62)] ProcessSnapshotWin::Initialize failed
[0927/232515.072:ERROR:process_reader_win.cc(123)] NtOpenThread: {Access Denied} A process has requested access to an object, but has not been granted those access rights.  (0xc0000022)
[0927/232515.073:ERROR:exception_snapshot_win.cc(87)] thread ID 11216 not found in process
[0927/232515.073:WARNING:crash_report_exception_handler.cc(62)] ProcessSnapshotWin::Initialize failed
[0927/232848.906:ERROR:process_reader_win.cc(123)] NtOpenThread: {Access Denied} A process has requested access to an object, but has not been granted those access rights.  (0xc0000022)
[0927/232848.907:ERROR:exception_snapshot_win.cc(87)] thread ID 3096 not found in process
[0927/232848.907:WARNING:crash_report_exception_handler.cc(62)] ProcessSnapshotWin::Initialize failed
[0927/233607.470:ERROR:process_reader_win.cc(123)] NtOpenThread: {Access Denied} A process has requested access to an object, but has not been granted those access rights.  (0xc0000022)
[0927/233607.471:ERROR:exception_snapshot_win.cc(87)] thread ID 4384 not found in process
[0927/233607.471:WARNING:crash_report_exception_handler.cc(62)] ProcessSnapshotWin::Initialize failed
[0927/235114.816:ERROR:process_reader_win.cc(123)] NtOpenThread: {Access Denied} A process has requested access to an object, but has not been granted those access rights.  (0xc0000022)
[0927/235114.817:ERROR:exception_snapshot_win.cc(87)] thread ID 8896 not found in process
[0927/235114.817:WARNING:crash_report_exception_handler.cc(62)] ProcessSnapshotWin::Initialize failed
[0927/235525.379:ERROR:process_reader_win.cc(151)] SuspendThread: Access is denied. (0x5)
[0927/235525.379:ERROR:process_reader_win.cc(151)] SuspendThread: Access is denied. (0x5)
[0927/235525.379:ERROR:process_reader_win.cc(123)] NtOpenThread: {Access Denied} A process has requested access to an object, but has not been granted those access rights.  (0xc0000022)
[0927/235525.379:ERROR:exception_snapshot_win.cc(87)] thread ID 10320 not found in process
[0927/235525.379:WARNING:crash_report_exception_handler.cc(62)] ProcessSnapshotWin::Initialize failed
[0928/135110.823:ERROR:process_reader_win.cc(123)] NtOpenThread: {Access Denied} A process has requested access to an object, but has not been granted those access rights.  (0xc0000022)
[0928/135110.832:ERROR:exception_snapshot_win.cc(87)] thread ID 9844 not found in process
[0928/135110.832:WARNING:crash_report_exception_handler.cc(62)] ProcessSnapshotWin::Initialize failed
[0928/135812.003:ERROR:process_reader_win.cc(123)] NtOpenThread: {Access Denied} A process has requested access to an object, but has not been granted those access rights.  (0xc0000022)
[0928/135812.004:ERROR:exception_snapshot_win.cc(87)] thread ID 7380 not found in process
[0928/135812.004:WARNING:crash_report_exception_handler.cc(62)] ProcessSnapshotWin::Initialize failed
[0928/140812.774:ERROR:process_reader_win.cc(123)] NtOpenThread: {Access Denied} A process has requested access to an object, but has not been granted those access rights.  (0xc0000022)
[0928/140812.774:ERROR:exception_snapshot_win.cc(87)] thread ID 6444 not found in process
[0928/140812.774:WARNING:crash_report_exception_handler.cc(62)] ProcessSnapshotWin::Initialize failed
[0928/141156.768:ERROR:process_reader_win.cc(123)] NtOpenThread: {Access Denied} A process has requested access to an object, but has not been granted those access rights.  (0xc0000022)
[0928/141156.769:ERROR:exception_snapshot_win.cc(87)] thread ID 7580 not found in process
[0928/141156.769:WARNING:crash_report_exception_handler.cc(62)] ProcessSnapshotWin::Initialize failed
[0928/141547.511:ERROR:process_reader_win.cc(123)] NtOpenThread: {Access Denied} A process has requested access to an object, but has not been granted those access rights.  (0xc0000022)
[0928/141547.512:ERROR:exception_snapshot_win.cc(87)] thread ID 8628 not found in process
[0928/141547.512:WARNING:crash_report_exception_handler.cc(62)] ProcessSnapshotWin::Initialize failed
[0928/141945.499:ERROR:process_reader_win.cc(123)] NtOpenThread: {Access Denied} A process has requested access to an object, but has not been granted those access rights.  (0xc0000022)
[0928/141945.499:ERROR:exception_snapshot_win.cc(87)] thread ID 10604 not found in process
[0928/141945.499:WARNING:crash_report_exception_handler.cc(62)] ProcessSnapshotWin::Initialize failed
[0928/143349.176:ERROR:process_reader_win.cc(123)] NtOpenThread: {Access Denied} A process has requested access to an object, but has not been granted those access rights.  (0xc0000022)
[0928/143349.177:ERROR:exception_snapshot_win.cc(87)] thread ID 6776 not found in process
[0928/143349.177:WARNING:crash_report_exception_handler.cc(62)] ProcessSnapshotWin::Initialize failed
[0928/144319.887:ERROR:process_reader_win.cc(123)] NtOpenThread: {Access Denied} A process has requested access to an object, but has not been granted those access rights.  (0xc0000022)
[0928/144319.888:ERROR:exception_snapshot_win.cc(87)] thread ID 6500 not found in process
[0928/144319.888:WARNING:crash_report_exception_handler.cc(62)] ProcessSnapshotWin::Initialize failed
[0928/193923.109:ERROR:process_reader_win.cc(123)] NtOpenThread: {Access Denied} A process has requested access to an object, but has not been granted those access rights.  (0xc0000022)
[0928/193923.110:ERROR:exception_snapshot_win.cc(87)] thread ID 4936 not found in process
[0928/193923.110:WARNING:crash_report_exception_handler.cc(62)] ProcessSnapshotWin::Initialize failed
[0928/194807.517:ERROR:process_reader_win.cc(123)] NtOpenThread: {Access Denied} A process has requested access to an object, but has not been granted those access rights.  (0xc0000022)
[0928/194807.518:ERROR:exception_snapshot_win.cc(87)] thread ID 6080 not found in process
[0928/194807.518:WARNING:crash_report_exception_handler.cc(62)] ProcessSnapshotWin::Initialize failed
[0929/135316.058:ERROR:process_reader_win.cc(123)] NtOpenThread: {Access Denied} A process has requested access to an object, but has not been granted those access rights.  (0xc0000022)
[0929/135316.068:ERROR:exception_snapshot_win.cc(87)] thread ID 5884 not found in process
[0929/135316.068:WARNING:crash_report_exception_handler.cc(62)] ProcessSnapshotWin::Initialize failed
[1001/120150.292:ERROR:process_reader_win.cc(123)] NtOpenThread: {Access Denied} A process has requested access to an object, but has not been granted those access rights.  (0xc0000022)
[1001/120150.307:ERROR:exception_snapshot_win.cc(87)] thread ID 5544 not found in process
[1001/120150.307:WARNING:crash_report_exception_handler.cc(62)] ProcessSnapshotWin::Initialize failed
[1001/122505.946:ERROR:process_reader_win.cc(123)] NtOpenThread: {Access Denied} A process has requested access to an object, but has not been granted those access rights.  (0xc0000022)
[1001/122505.947:ERROR:exception_snapshot_win.cc(87)] thread ID 9248 not found in process
[1001/122505.947:WARNING:crash_report_exception_handler.cc(62)] ProcessSnapshotWin::Initialize failed
[1001/122545.604:ERROR:process_reader_win.cc(123)] NtOpenThread: {Access Denied} A process has requested access to an object, but has not been granted those access rights.  (0xc0000022)
[1001/122545.605:ERROR:exception_snapshot_win.cc(87)] thread ID 8896 not found in process
[1001/122545.605:WARNING:crash_report_exception_handler.cc(62)] ProcessSnapshotWin::Initialize failed
[1002/223320.030:ERROR:process_reader_win.cc(123)] NtOpenThread: {Access Denied} A process has requested access to an object, but has not been granted those access rights.  (0xc0000022)
[1002/223320.062:ERROR:exception_snapshot_win.cc(87)] thread ID 5984 not found in process
[1002/223320.062:WARNING:crash_report_exception_handler.cc(62)] ProcessSnapshotWin::Initialize failed
[1003/204613.109:ERROR:process_reader_win.cc(123)] NtOpenThread: {Access Denied} A process has requested access to an object, but has not been granted those access rights.  (0xc0000022)
[1003/204613.163:ERROR:exception_snapshot_win.cc(87)] thread ID 5960 not found in process
[1003/204613.163:WARNING:crash_report_exception_handler.cc(62)] ProcessSnapshotWin::Initialize failed
[1004/114833.907:ERROR:prune_crash_reports.cc(35)] PruneCrashReportDatabase: Failed to get pending reports
[1005/175459.612:ERROR:process_reader_win.cc(123)] NtOpenThread: {Access Denied} A process has requested access to an object, but has not been granted those access rights.  (0xc0000022)
[1005/175459.644:ERROR:exception_snapshot_win.cc(87)] thread ID 15364 not found in process
[1005/175459.644:WARNING:crash_report_exception_handler.cc(62)] ProcessSnapshotWin::Initialize failed
[1005/175509.220:ERROR:process_reader_win.cc(123)] NtOpenThread: {Access Denied} A process has requested access to an object, but has not been granted those access rights.  (0xc0000022)
[1005/175509.220:ERROR:exception_snapshot_win.cc(87)] thread ID 15812 not found in process
[1005/175509.220:WARNING:crash_report_exception_handler.cc(62)] ProcessSnapshotWin::Initialize failed
[1005/221637.512:ERROR:process_reader_win.cc(123)] NtOpenThread: {Access Denied} A process has requested access to an object, but has not been granted those access rights.  (0xc0000022)
[1005/221637.543:ERROR:exception_snapshot_win.cc(87)] thread ID 7000 not found in process
[1005/221637.543:WARNING:crash_report_exception_handler.cc(62)] ProcessSnapshotWin::Initialize failed
